  Using bundled DotNet SDK
  Log file: C:\Users\최지훈\AppData\Local\UnrealBuildTool\Log.txt
  Creating makefile for MyShooterEditor (no existing makefile)
  Parsing headers for MyShooterEditor
    Running UnrealHeaderTool "D:\UE_5.0.3_Projects\MyShooter\MyShooter.uproject" "D:\UE_5.0.3_Projects\MyShooter\Intermediate\Build\Win64\MyShooterEditor\Development\MyShooterEditor.uhtmanifest" -LogCmds="loginit warning, logexit warning, logdatabase error" -Unattended -WarningsAsErrors -abslog="C:\Users\최지훈\AppData\Local\UnrealBuildTool\Log_UHT.txt" -installed
  Reflection code generated for MyShooterEditor in 0.8604754 seconds
  Building MyShooterEditor...
  Using Visual Studio 2022 14.44.35223 toolchain (C:\Program Files\Microsoft Visual Studio\2022\Community\VC\Tools\MSVC\14.44.35207) and Windows 10.0.26100.0 SDK (C:\Program Files (x86)\Windows Kits\10).
  [Adaptive Build] Excluded from MyShooter unity file: MyShooter.cpp, MyShooterCharacter.cpp, MyShooterGameMode.cpp, MyShooterProjectile.cpp, TP_PickUpComponent.cpp, TP_WeaponComponent.cpp
  Determining max actions to execute in parallel (14 physical cores, 20 logical cores)
    Executing up to 14 processes, one per physical core
  Building 17 actions with 14 processes...
  [1/17] Resource Default.rc2
  [2/17] Compile SharedPCH.Engine.ShadowErrors.cpp
  Detected compiler newer than Visual Studio 2022, please update min version checking in WindowsPlatformCompilerSetup.h
  [3/17] Compile MyShooterProjectile.cpp
  [4/17] Compile MyShooterGameMode.cpp
  [5/17] Compile TP_WeaponComponent.cpp
  [6/17] Compile TP_PickUpComponent.cpp
  [7/17] Compile MyShooter.init.gen.cpp
  [8/17] Compile MyShooter.cpp
  [9/17] Compile MyShooterGameMode.gen.cpp
  [10/17] Compile TP_WeaponComponent.gen.cpp
  [11/17] Compile MyShooterProjectile.gen.cpp
  [12/17] Compile MyShooterCharacter.gen.cpp
  [13/17] Compile TP_PickUpComponent.gen.cpp
  [14/17] Compile MyShooterCharacter.cpp
  [15/17] Link UnrealEditor-MyShooter.lib
     D:\UE_5.0.3_Projects\MyShooter\Intermediate\Build\Win64\UnrealEditor\Development\MyShooter\UnrealEditor-MyShooter.lib 라이브러리 및 D:\UE_5.0.3_Projects\MyShooter\Intermediate\Build\Win64\UnrealEditor\Development\MyShooter\UnrealEditor-MyShooter.exp 개체를 생성하고 있습니다.
  [16/17] Link UnrealEditor-MyShooter.dll
     D:\UE_5.0.3_Projects\MyShooter\Intermediate\Build\Win64\UnrealEditor\Development\MyShooter\UnrealEditor-MyShooter.suppressed.lib 라이브러리 및 D:\UE_5.0.3_Projects\MyShooter\Intermediate\Build\Win64\UnrealEditor\Development\MyShooter\UnrealEditor-MyShooter.suppressed.exp 개체를 생성하고 있습니다.
  [17/17] WriteMetadata MyShooterEditor.target
  Total time in Parallel executor: 35.67 seconds
  Total execution time: 37.65 seconds
